[ 2026-03-28 18:02:16,300 ] 164 numexpr.utils - INFO - NumExpr defaulting to 16 threads.
[ 2026-03-28 18:02:28,363 ] 42 root - INFO - Start data Ingestion
[ 2026-03-28 18:02:55,284 ] 65 root - INFO - Performed train test split on the dataframe
[ 2026-03-28 18:02:55,284 ] 67 root - INFO - Exited split_data_as_train_test method of Data_Ingestion class
[ 2026-03-28 18:02:55,288 ] 75 root - INFO - Exporting train and test file path.
[ 2026-03-28 18:02:55,420 ] 84 root - INFO - Exported train and test file path.
[ 2026-03-28 18:02:55,421 ] 45 root - INFO - Data Ingestion completed and artifact: DataIngestionArtifact(trained_file_path='Artifacts\\03_28_2026_18_02_16\\data_ingestion\\ingested\\train.csv', test_file_path='Artifacts\\03_28_2026_18_02_16\\data_ingestion\\ingested\\test.csv')
[ 2026-03-28 18:02:55,425 ] 55 root - INFO - Initiate the data Validation
[ 2026-03-28 18:02:55,476 ] 32 root - INFO - Required number of columns:2
[ 2026-03-28 18:02:55,477 ] 33 root - INFO - Data frame has columns:31
[ 2026-03-28 18:02:55,477 ] 32 root - INFO - Required number of columns:2
[ 2026-03-28 18:02:55,477 ] 33 root - INFO - Data frame has columns:31
[ 2026-03-28 18:02:55,777 ] 63 root - INFO - Entered initiate_data_transformation method of DataTransformation class
[ 2026-03-28 18:02:55,777 ] 65 root - INFO - Starting data transformation
[ 2026-03-28 18:02:55,838 ] 48 root - INFO - Entered get_data_trnasformer_object method of Trnasformation class
[ 2026-03-28 18:02:55,838 ] 53 root - INFO - Initialise KNNImputer with {'missing_values': nan, 'n_neighbors': 3, 'weights': 'uniform'}
[ 2026-03-28 18:02:55,866 ] 46 root - INFO - Entered the save_object method of MainUtils class
[ 2026-03-28 18:02:55,874 ] 50 root - INFO - Exited the save_object method of MainUtils class
[ 2026-03-28 18:02:55,874 ] 46 root - INFO - Entered the save_object method of MainUtils class
[ 2026-03-28 18:02:55,883 ] 50 root - INFO - Exited the save_object method of MainUtils class
[ 2026-03-28 18:11:46,214 ] 46 root - INFO - Entered the save_object method of MainUtils class
[ 2026-03-28 18:11:46,229 ] 50 root - INFO - Exited the save_object method of MainUtils class
[ 2026-03-28 18:11:46,231 ] 46 root - INFO - Entered the save_object method of MainUtils class
[ 2026-03-28 18:11:46,240 ] 50 root - INFO - Exited the save_object method of MainUtils class
[ 2026-03-28 18:11:46,241 ] 151 root - INFO - Model trainer artifact: ModelTrainerArtifact(trained_model_file_path='Artifacts\\03_28_2026_18_02_16\\model_trainer\\trained_model\\model.pkl', train_metric_artifact=ClassificationMetricArtifact(f1_score=0.9911513374121455, precision_score=0.9913017093152625, recall_score=0.9910010111223458), test_metric_artifact=ClassificationMetricArtifact(f1_score=0.9862054766316657, precision_score=0.9843814221126181, recall_score=0.988036303630363))
